<?xml version="1.0" encoding="UTF-8"?>
<testsuite name="com.chaffai.calculatrice.CalculatriceApplicationTests" tests="1" skipped="0" failures="0" errors="0" timestamp="2025-11-11T14:42:28.135Z" hostname="pc" time="0.698">
  <properties/>
  <testcase name="contextLoads()" classname="com.chaffai.calculatrice.CalculatriceApplicationTests" time="0.698"/>
  <system-out><![CDATA[09:42:26.598 [Test worker] INFO org.springframework.test.context.support.AnnotationConfigContextLoaderUtils -- Could not detect default configuration classes for test class [com.chaffai.calculatrice.CalculatriceApplicationTests]: CalculatriceApplicationTests does not declare any static, non-private, non-final, nested classes annotated with @Configuration.
09:42:26.718 [Test worker] INFO org.springframework.boot.test.context.SpringBootTestContextBootstrapper -- Found @SpringBootConfiguration com.chaffai.calculatrice.CalculatriceApplication for test class com.chaffai.calculatrice.CalculatriceApplicationTests

  .   ____          _            __ _ _
 /\\ / ___'_ __ _ _(_)_ __  __ _ \ \ \ \
( ( )\___ | '_ | '_| | '_ \/ _` | \ \ \ \
 \\/  ___)| |_)| | | | | || (_| |  ) ) ) )
  '  |____| .__|_| |_|_| |_\__, | / / / /
 =========|_|==============|___/=/_/_/_/

 :: Spring Boot ::                (v3.5.7)

2025-11-11T09:42:27.156-05:00  INFO 13687 --- [calculatrice] [    Test worker] c.c.c.CalculatriceApplicationTests       : Starting CalculatriceApplicationTests using Java 21.0.8 with PID 13687 (started by mimi in /home/mimi/calculatrice/calculatrice)
2025-11-11T09:42:27.157-05:00  INFO 13687 --- [calculatrice] [    Test worker] c.c.c.CalculatriceApplicationTests       : No active profile set, falling back to 1 default profile: "default"
2025-11-11T09:42:28.122-05:00  INFO 13687 --- [calculatrice] [    Test worker] c.c.c.CalculatriceApplicationTests       : Started CalculatriceApplicationTests in 1.254 seconds (process running for 2.439)
]]></system-out>
  <system-err><![CDATA[Mockito is currently self-attaching to enable the inline-mock-maker. This will no longer work in future releases of the JDK. Please add Mockito as an agent to your build as described in Mockito's documentation: https://javadoc.io/doc/org.mockito/mockito-core/latest/org.mockito/org/mockito/Mockito.html#0.3
WARNING: A Java agent has been loaded dynamically (/home/mimi/.gradle/caches/modules-2/files-2.1/net.bytebuddy/byte-buddy-agent/1.17.8/f09415827a71be7ed621c7bd02550678f28bc81c/byte-buddy-agent-1.17.8.jar)
WARNING: If a serviceability tool is in use, please run with -XX:+EnableDynamicAgentLoading to hide this warning
WARNING: If a serviceability tool is not in use, please run with -Djdk.instrument.traceUsage for more information
WARNING: Dynamic loading of agents will be disallowed by default in a future release
]]></system-err>
</testsuite>
